<?xml version="1.0" encoding="UTF-8"?>
<testng-results skipped="0" failed="0" ignored="0" total="1" passed="1">
  <reporter-output>
  </reporter-output>
  <suite name="Surefire suite" duration-ms="6605" started-at="2019-02-17T11:09:02Z" finished-at="2019-02-17T11:09:09Z">
    <groups>
    </groups>
    <test name="Surefire test" duration-ms="6605" started-at="2019-02-17T11:09:02Z" finished-at="2019-02-17T11:09:09Z">
      <class name="CIGroup.CIProject.TestCases">
        <test-method status="PASS" signature="startSession()[pri:0, instance:CIGroup.CIProject.TestCases@50f8360d]" name="startSession" is-config="true" duration-ms="4722" started-at="2019-02-17T11:09:02Z" finished-at="2019-02-17T11:09:07Z">
          <reporter-output>
          </reporter-output>
        </test-method> <!-- startSession -->
        <test-method status="PASS" signature="test1()[pri:0, instance:CIGroup.CIProject.TestCases@50f8360d]" name="test1" duration-ms="1261" started-at="2019-02-17T11:09:07Z" finished-at="2019-02-17T11:09:08Z">
          <reporter-output>
          </reporter-output>
        </test-method> <!-- test1 -->
        <test-method status="PASS" signature="closeSession()[pri:0, instance:CIGroup.CIProject.TestCases@50f8360d]" name="closeSession" is-config="true" duration-ms="611" started-at="2019-02-17T11:09:08Z" finished-at="2019-02-17T11:09:09Z">
          <reporter-output>
          </reporter-output>
        </test-method> <!-- closeSession -->
      </class> <!-- CIGroup.CIProject.TestCases -->
    </test> <!-- Surefire test -->
  </suite> <!-- Surefire suite -->
</testng-results>
