<?xml version="1.0" encoding="UTF-8"?>
<testsuite xmlns:xsi="http://www.w3.org/2001/XMLSchema-instance" xsi:noNamespaceSchemaLocation="https://maven.apache.org/surefire/maven-surefire-plugin/xsd/surefire-test-report.xsd" name="CIGroup.CIProject.TestCases" time="8.517" tests="1" errors="0" skipped="0" failures="1">
  <properties>
[...]
</properties>
  <testcase name="test1" classname="CIGroup.CIProject.TestCases" time="2.13">
    <failure message="Test Failed, See Error in Report andjava.lang.AssertionError: expected [111Grafana - Home] but found [Grafana - Home]" type="java.lang.AssertionError">java.lang.AssertionError: Test Failed, See Error in Report andjava.lang.AssertionError: expected [111Grafana - Home] but found [Grafana - Home]
	at CIGroup.CIProject.TestCases.test1(TestCases.java:72)
</failure>
    <system-err><![CDATA[Starting ChromeDriver 2.45.615291 (ec3682e3c9061c10f26ea9e5cdcf3c53f3f74387) on port 29076
Only local connections are allowed.
מרץ 03, 2019 2:59:42 PM org.openqa.selenium.remote.ProtocolHandshake createSession
INFO: Detected dialect: OSS
]]></system-err>
  </testcase>
</testsuite>