<?xml version="1.0" encoding="UTF-8"?>
<testng-results skipped="0" failed="0" ignored="0" total="1" passed="1">
  <reporter-output>
  </reporter-output>
  <suite name="Suite" duration-ms="7791" started-at="2019-03-03T12:55:36Z" finished-at="2019-03-03T12:55:44Z">
    <groups>
    </groups>
    <test name="Test" duration-ms="7791" started-at="2019-03-03T12:55:36Z" finished-at="2019-03-03T12:55:44Z">
      <class name="CIGroup.CIProject.TestCases">
        <test-method status="PASS" signature="startSession()[pri:0, instance:CIGroup.CIProject.TestCases@462d5aee]" name="startSession" is-config="true" duration-ms="5213" started-at="2019-03-03T12:55:36Z" finished-at="2019-03-03T12:55:41Z">
          <reporter-output>
          </reporter-output>
        </test-method> <!-- startSession -->
        <test-method status="PASS" signature="test1()[pri:0, instance:CIGroup.CIProject.TestCases@462d5aee]" name="test1" duration-ms="1920" started-at="2019-03-03T12:55:41Z" finished-at="2019-03-03T12:55:43Z">
          <reporter-output>
          </reporter-output>
        </test-method> <!-- test1 -->
        <test-method status="PASS" signature="closeSession()[pri:0, instance:CIGroup.CIProject.TestCases@462d5aee]" name="closeSession" is-config="true" duration-ms="639" started-at="2019-03-03T12:55:43Z" finished-at="2019-03-03T12:55:44Z">
          <reporter-output>
          </reporter-output>
        </test-method> <!-- closeSession -->
      </class> <!-- CIGroup.CIProject.TestCases -->
    </test> <!-- Test -->
  </suite> <!-- Suite -->
</testng-results>
