<?xml version="1.0" encoding="UTF-8"?>
<testng-results skipped="0" failed="0" ignored="0" total="1" passed="1">
  <reporter-output>
  </reporter-output>
  <suite name="Default suite" duration-ms="6553" started-at="2019-02-17T11:05:40Z" finished-at="2019-02-17T11:05:47Z">
    <groups>
    </groups>
    <test name="Default test" duration-ms="6553" started-at="2019-02-17T11:05:40Z" finished-at="2019-02-17T11:05:47Z">
      <class name="CIGroup.CIProject.TestCases">
        <test-method status="PASS" signature="startSession()[pri:0, instance:CIGroup.CIProject.TestCases@87f383f]" name="startSession" is-config="true" duration-ms="4628" started-at="2019-02-17T11:05:40Z" finished-at="2019-02-17T11:05:45Z">
          <reporter-output>
          </reporter-output>
        </test-method> <!-- startSession -->
        <test-method status="PASS" signature="test1()[pri:0, instance:CIGroup.CIProject.TestCases@87f383f]" name="test1" duration-ms="1280" started-at="2019-02-17T11:05:45Z" finished-at="2019-02-17T11:05:46Z">
          <reporter-output>
          </reporter-output>
        </test-method> <!-- test1 -->
        <test-method status="PASS" signature="closeSession()[pri:0, instance:CIGroup.CIProject.TestCases@87f383f]" name="closeSession" is-config="true" duration-ms="630" started-at="2019-02-17T11:05:46Z" finished-at="2019-02-17T11:05:47Z">
          <reporter-output>
          </reporter-output>
        </test-method> <!-- closeSession -->
      </class> <!-- CIGroup.CIProject.TestCases -->
    </test> <!-- Default test -->
  </suite> <!-- Default suite -->
</testng-results>
